[    0.000000] Linux version 4.15.0-112-generic (buildd@lcy01-amd64-027) (gcc version 7.5.0 (Ubuntu 7.5.0-3ubuntu1~18.04)) #113-Ubuntu SMP Thu Jul 9 23:41:39 UTC 2020 (Ubuntu 4.15.0-112.113-generic 4.15.18)
[    0.000000] Command line: BOOT_IMAGE=/boot/vmlinuz-4.15.0-112-generic root=LABEL=cloudimg-rootfs ro console=tty1 console=ttyS0
[    0.000000] KERNEL supported cpus:
[    0.000000]   Intel GenuineIntel
[    0.000000]   AMD AuthenticAMD
[    0.000000]   Centaur CentaurHauls
[    0.000000] x86/fpu: Supporting XSAVE feature 0x001: 'x87 floating point registers'
[    0.000000] x86/fpu: Supporting XSAVE feature 0x002: 'SSE registers'
[    0.000000] x86/fpu: Supporting XSAVE feature 0x004: 'AVX registers'
[    0.000000] x86/fpu: xstate_offset[2]:  576, xstate_sizes[2]:  256
[    0.000000] x86/fpu: Enabled xstate features 0x7, context size is 832 bytes, using 'standard' format.
[    0.000000] e820: BIOS-provided physical RAM map:
[    0.000000] BIOS-e820: [mem 0x0000000000000000-0x000000000009fbff] usable
[    0.000000] BIOS-e820: [mem 0x000000000009fc00-0x000000000009ffff] reserved
[    0.000000] BIOS-e820: [mem 0x00000000000f0000-0x00000000000fffff] reserved
[    0.000000] BIOS-e820: [mem 0x0000000000100000-0x000000003ffeffff] usable
[    0.000000] BIOS-e820: [mem 0x000000003fff0000-0x000000003fffffff] ACPI data
[    0.000000] BIOS-e820: [mem 0x00000000fec00000-0x00000000fec00fff] reserved
[    0.000000] BIOS-e820: [mem 0x00000000fee00000-0x00000000fee00fff] reserved
[    0.000000] BIOS-e820: [mem 0x00000000fffc0000-0x00000000ffffffff] reserved
[    0.000000] NX (Execute Disable) protection: active
[    0.000000] SMBIOS 2.5 present.
[    0.000000] DMI: innotek GmbH VirtualBox/VirtualBox, BIOS VirtualBox 12/01/2006
[    0.000000] Hypervisor detected: KVM
[    0.000000] e820: last_pfn = 0x3fff0 max_arch_pfn = 0x400000000
[    0.000000] MTRR: Disabled
[    0.000000] x86/PAT: MTRRs disabled, skipping PAT initialization too.
[    0.000000] CPU MTRRs all blank - virtualized system.
[    0.000000] x86/PAT: Configuration [0-7]: WB  WT  UC- UC  WB  WT  UC- UC  
[    0.000000] found SMP MP-table at [mem 0x0009fff0-0x0009ffff]
[    0.000000] Scanning 1 areas for low memory corruption
[    0.000000] RAMDISK: [mem 0x35a69000-0x36d2bfff]
[    0.000000] ACPI: Early table checksum verification disabled
[    0.000000] ACPI: RSDP 0x00000000000E0000 000024 (v02 VBOX  )
[    0.000000] ACPI: XSDT 0x000000003FFF0030 00003C (v01 VBOX   VBOXXSDT 00000001 ASL  00000061)
[    0.000000] ACPI: FACP 0x000000003FFF00F0 0000F4 (v04 VBOX   VBOXFACP 00000001 ASL  00000061)
[    0.000000] ACPI: DSDT 0x000000003FFF0470 002325 (v02 VBOX   VBOXBIOS 00000002 INTL 20100528)
[    0.000000] ACPI: FACS 0x000000003FFF0200 000040
[    0.000000] ACPI: FACS 0x000000003FFF0200 000040
[    0.000000] ACPI: APIC 0x000000003FFF0240 00005C (v02 VBOX   VBOXAPIC 00000001 ASL  00000061)
[    0.000000] ACPI: SSDT 0x000000003FFF02A0 0001CC (v01 VBOX   VBOXCPUT 00000002 INTL 20100528)
[    0.000000] No NUMA configuration found
[    0.000000] Faking a node at [mem 0x0000000000000000-0x000000003ffeffff]
[    0.000000] NODE_DATA(0) allocated [mem 0x3ffc5000-0x3ffeffff]
[    0.000000] kvm-clock: cpu 0, msr 0:3ff44001, primary cpu clock
[    0.000000] kvm-clock: Using msrs 4b564d01 and 4b564d00
[    0.000000] kvm-clock: using sched offset of 5018488324 cycles
[    0.000000] clocksource: kvm-clock: mask: 0xffffffffffffffff max_cycles: 0x1cd42e4dffb, max_idle_ns: 881590591483 ns
[    0.000000] Zone ranges:
[    0.000000]   DMA      [mem 0x0000000000001000-0x0000000000ffffff]
[    0.000000]   DMA32    [mem 0x0000000001000000-0x000000003ffeffff]
[    0.000000]   Normal   empty
[    0.000000]   Device   empty
[    0.000000] Movable zone start for each node
[    0.000000] Early memory node ranges
[    0.000000]   node   0: [mem 0x0000000000001000-0x000000000009efff]
[    0.000000]   node   0: [mem 0x0000000000100000-0x000000003ffeffff]
[    0.000000] Reserved but unavailable: 98 pages
[    0.000000] Initmem setup node 0 [mem 0x0000000000001000-0x000000003ffeffff]
[    0.000000] ACPI: PM-Timer IO Port: 0x4008
[    0.000000] IOAPIC[0]: apic_id 2, version 32, address 0xfec00000, GSI 0-23
[    0.000000] ACPI: INT_SRC_OVR (bus 0 bus_irq 0 global_irq 2 dfl dfl)
[    0.000000] ACPI: INT_SRC_OVR (bus 0 bus_irq 9 global_irq 9 low level)
[    0.000000] Using ACPI (MADT) for SMP configuration information
[    0.000000] smpboot: Allowing 2 CPUs, 0 hotplug CPUs
[    0.000000] PM: Registered nosave memory: [mem 0x00000000-0x00000fff]
[    0.000000] PM: Registered nosave memory: [mem 0x0009f000-0x0009ffff]
[    0.000000] PM: Registered nosave memory: [mem 0x000a0000-0x000effff]
[    0.000000] PM: Registered nosave memory: [mem 0x000f0000-0x000fffff]
[    0.000000] e820: [mem 0x40000000-0xfebfffff] available for PCI devices
[    0.000000] Booting paravirtualized kernel on KVM
[    0.000000] clocksource: refined-jiffies: mask: 0xffffffff max_cycles: 0xffffffff, max_idle_ns: 7645519600211568 ns
[    0.000000] random: get_random_bytes called from start_kernel+0x99/0x500 with crng_init=0
[    0.000000] setup_percpu: NR_CPUS:8192 nr_cpumask_bits:2 nr_cpu_ids:2 nr_node_ids:1
[    0.000000] percpu: Embedded 45 pages/cpu s147456 r8192 d28672 u1048576
[    0.000000] PV qspinlock hash table entries: 256 (order: 0, 4096 bytes)
[    0.000000] Built 1 zonelists, mobility grouping on.  Total pages: 257913
[    0.000000] Policy zone: DMA32
[    0.000000] Kernel command line: BOOT_IMAGE=/boot/vmlinuz-4.15.0-112-generic root=LABEL=cloudimg-rootfs ro console=tty1 console=ttyS0
[    0.000000] Memory: 983040K/1048120K available (12300K kernel code, 2481K rwdata, 4272K rodata, 2436K init, 2720K bss, 65080K reserved, 0K cma-reserved)
[    0.000000] SLUB: HWalign=64, Order=0-3, MinObjects=0, CPUs=2, Nodes=1
[    0.000000] ftrace: allocating 39378 entries in 154 pages
[    0.004000] Hierarchical RCU implementation.
[    0.004000] 	RCU restricting CPUs from NR_CPUS=8192 to nr_cpu_ids=2.
[    0.004000] 	Tasks RCU enabled.
[    0.004000] RCU: Adjusting geometry for rcu_fanout_leaf=16, nr_cpu_ids=2
[    0.004000] NR_IRQS: 524544, nr_irqs: 440, preallocated irqs: 16
[    0.004000] Console: colour VGA+ 80x25
[    0.004000] console [tty1] enabled
[    0.004000] console [ttyS0] enabled
[    0.004000] ACPI: Core revision 20170831
[    0.004000] ACPI: 2 ACPI AML tables successfully acquired and loaded
[    0.004000] APIC: Switch to symmetric I/O mode setup
[    0.004000] x2apic enabled
[    0.004000] Switched APIC routing to physical x2apic.
[    0.004000] ..TIMER: vector=0x30 apic1=0 pin1=2 apic2=-1 pin2=-1
[    0.004008] tsc: Detected 2304.002 MHz processor
[    0.005162] Calibrating delay loop (skipped) preset value.. 4608.00 BogoMIPS (lpj=9216008)
[    0.008005] pid_max: default: 32768 minimum: 301
[    0.009022] Security Framework initialized
[    0.009909] Yama: becoming mindful.
[    0.012027] AppArmor: AppArmor initialized
[    0.016000] Dentry cache hash table entries: 131072 (order: 8, 1048576 bytes)
[    0.016067] Inode-cache hash table entries: 65536 (order: 7, 524288 bytes)
[    0.020057] Mount-cache hash table entries: 2048 (order: 2, 16384 bytes)
[    0.021469] Mountpoint-cache hash table entries: 2048 (order: 2, 16384 bytes)
[    0.023476] Last level iTLB entries: 4KB 64, 2MB 8, 4MB 8
[    0.024005] Last level dTLB entries: 4KB 64, 2MB 0, 4MB 0, 1GB 4
[    0.025261] Spectre V1 : Mitigation: usercopy/swapgs barriers and __user pointer sanitization
[    0.027075] Spectre V2 : Mitigation: Full generic retpoline
[    0.028002] Spectre V2 : Spectre v2 / SpectreRSB mitigation: Filling RSB on context switch
[    0.029743] Speculative Store Bypass: Vulnerable
[    0.030716] SRBDS: Mitigation: TSX disabled
[    0.032190] Freeing SMP alternatives memory: 36K
[    0.144467] smpboot: CPU0: Intel(R) Core(TM) i7-10510U CPU @ 1.80GHz (family: 0x6, model: 0x8e, stepping: 0xc)
[    0.148147] Performance Events: unsupported p6 CPU model 142 no PMU driver, software events only.
[    0.152074] Hierarchical SRCU implementation.
[    0.155131] NMI watchdog: Perf event create on CPU 0 failed with -2
[    0.156003] NMI watchdog: Perf NMI watchdog permanently disabled
[    0.157320] smp: Bringing up secondary CPUs ...
[    0.158408] x86: Booting SMP configuration:
[    0.159355] .... node  #0, CPUs:      #1
[    0.004000] kvm-clock: cpu 1, msr 0:3ff44041, secondary cpu clock
[    0.164023] smp: Brought up 1 node, 2 CPUs
[    0.164937] smpboot: Max logical packages: 1
[    0.165834] smpboot: Total of 2 processors activated (9216.00 BogoMIPS)
[    0.168112] devtmpfs: initialized
[    0.168768] x86/mm: Memory block size: 128MB
[    0.169778] evm: security.selinux
[    0.170498] evm: security.SMACK64
[    0.171249] evm: security.SMACK64EXEC
[    0.172004] evm: security.SMACK64TRANSMUTE
[    0.173012] evm: security.SMACK64MMAP
[    0.173856] evm: security.apparmor
[    0.174615] evm: security.ima
[    0.175266] evm: security.capability
[    0.176094] clocksource: jiffies: mask: 0xffffffff max_cycles: 0xffffffff, max_idle_ns: 7645041785100000 ns
[    0.177976] futex hash table entries: 512 (order: 3, 32768 bytes)
[    0.184000] pinctrl core: initialized pinctrl subsystem
[    0.188027] RTC time:  9:43:42, date: 08/29/20
[    0.189138] NET: Registered protocol family 16
[    0.190133] audit: initializing netlink subsys (disabled)
[    0.191245] audit: type=2000 audit(1598694228.461:1): state=initialized audit_enabled=0 res=1
[    0.192011] cpuidle: using governor ladder
[    0.192834] cpuidle: using governor menu
[    0.193678] ACPI: bus type PCI registered
[    0.194509] acpiphp: ACPI Hot Plug PCI Controller Driver version: 0.5
[    0.196105] PCI: Using configuration type 1 for base access
[    0.197300] HugeTLB registered 2.00 MiB page size, pre-allocated 0 pages
[    0.200088] ACPI: Added _OSI(Module Device)
[    0.201016] ACPI: Added _OSI(Processor Device)
[    0.202343] ACPI: Added _OSI(3.0 _SCP Extensions)
[    0.204010] ACPI: Added _OSI(Processor Aggregator Device)
[    0.205453] ACPI: Added _OSI(Linux-Dell-Video)
[    0.206739] ACPI: Added _OSI(Linux-Lenovo-NV-HDMI-Audio)
[    0.208024] ACPI: Added _OSI(Linux-HPI-Hybrid-Graphics)
[    0.210052] ACPI: Executed 1 blocks of module-level executable AML code
[    0.218792] ACPI: Interpreter enabled
[    0.220016] ACPI: (supports S0 S5)
[    0.220769] ACPI: Using IOAPIC for interrupt routing
[    0.222301] PCI: Using host bridge windows from ACPI; if necessary, use "pci=nocrs" and report a bug
[    0.224227] ACPI: Enabled 2 GPEs in block 00 to 07
[    0.238461] ACPI: PCI Root Bridge [PCI0] (domain 0000 [bus 00-ff])
[    0.240009] acpi PNP0A03:00: _OSC: OS supports [ASPM ClockPM Segments MSI]
[    0.241999] acpi PNP0A03:00: _OSC: not requesting OS control; OS requires [ExtendedConfig ASPM ClockPM MSI]
[    0.244013] acpi PNP0A03:00: fail to add MMCONFIG information, can't access extended PCI configuration space under this bridge.
[    0.247066] PCI host bridge to bus 0000:00
[    0.248005] pci_bus 0000:00: root bus resource [io  0x0000-0x0cf7 window]
[    0.249346] pci_bus 0000:00: root bus resource [io  0x0d00-0xffff window]
[    0.250838] pci_bus 0000:00: root bus resource [mem 0x000a0000-0x000bffff window]
[    0.252005] pci_bus 0000:00: root bus resource [mem 0x40000000-0xfdffffff window]
[    0.253557] pci_bus 0000:00: root bus resource [bus 00-ff]
[    0.259050] pci 0000:00:01.1: legacy IDE quirk: reg 0x10: [io  0x01f0-0x01f7]
[    0.260004] pci 0000:00:01.1: legacy IDE quirk: reg 0x14: [io  0x03f6]
[    0.261282] pci 0000:00:01.1: legacy IDE quirk: reg 0x18: [io  0x0170-0x0177]
[    0.262719] pci 0000:00:01.1: legacy IDE quirk: reg 0x1c: [io  0x0376]
[    0.289247] pci 0000:00:07.0: quirk: [io  0x4000-0x403f] claimed by PIIX4 ACPI
[    0.292084] pci 0000:00:07.0: quirk: [io  0x4100-0x410f] claimed by PIIX4 SMB
[    0.309564] ACPI: PCI Interrupt Link [LNKA] (IRQs 5 9 10 *11)
[    0.312578] ACPI: PCI Interrupt Link [LNKB] (IRQs 5 9 *10 11)
[    0.315250] ACPI: PCI Interrupt Link [LNKC] (IRQs 5 *9 10 11)
[    0.316342] ACPI: PCI Interrupt Link [LNKD] (IRQs 5 9 10 *11)
[    0.321000] SCSI subsystem initialized
[    0.324059] pci 0000:00:02.0: vgaarb: setting as boot VGA device
[    0.327127] pci 0000:00:02.0: vgaarb: VGA device added: decodes=io+mem,owns=io+mem,locks=none
[    0.328014] pci 0000:00:02.0: vgaarb: bridge control possible
[    0.329649] vgaarb: loaded
[    0.332075] ACPI: bus type USB registered
[    0.333435] usbcore: registered new interface driver usbfs
[    0.335160] usbcore: registered new interface driver hub
[    0.336035] usbcore: registered new device driver usb
[    0.337283] EDAC MC: Ver: 3.0.0
[    0.337283] PCI: Using ACPI for IRQ routing
[    0.340345] NetLabel: Initializing
[    0.341230] NetLabel:  domain hash size = 128
[    0.342251] NetLabel:  protocols = UNLABELED CIPSOv4 CALIPSO
[    0.344024] NetLabel:  unlabeled traffic allowed by default
[    0.345353] clocksource: Switched to clocksource kvm-clock
[    0.376431] VFS: Disk quotas dquot_6.6.0
[    0.377534] VFS: Dquot-cache hash table entries: 512 (order 0, 4096 bytes)
[    0.379714] AppArmor: AppArmor Filesystem Enabled
[    0.381113] pnp: PnP ACPI init
[    0.383288] pnp: PnP ACPI: found 3 devices
[    0.398211] clocksource: acpi_pm: mask: 0xffffff max_cycles: 0xffffff, max_idle_ns: 2085701024 ns
[    0.400111] NET: Registered protocol family 2
[    0.401207] TCP established hash table entries: 8192 (order: 4, 65536 bytes)
[    0.402853] TCP bind hash table entries: 8192 (order: 5, 131072 bytes)
[    0.408874] TCP: Hash tables configured (established 8192 bind 8192)
[    0.411150] UDP hash table entries: 512 (order: 2, 16384 bytes)
[    0.412329] UDP-Lite hash table entries: 512 (order: 2, 16384 bytes)
[    0.413667] NET: Registered protocol family 1
[    0.414591] pci 0000:00:00.0: Limiting direct PCI/PCI transfers
[    0.416958] pci 0000:00:01.0: Activating ISA DMA hang workarounds
[    0.418418] pci 0000:00:02.0: Video device with shadowed ROM at [mem 0x000c0000-0x000dffff]
[    0.420345] Unpacking initramfs...
[    1.191416] Freeing initrd memory: 19212K
[    1.193600] clocksource: tsc: mask: 0xffffffffffffffff max_cycles: 0x2135f9f0f74, max_idle_ns: 440795301392 ns
[    1.197821] platform rtc_cmos: registered platform RTC device (no PNP device found)
[    1.201040] Scanning for low memory corruption every 60 seconds
[    1.205386] Initialise system trusted keyrings
[    1.207202] Key type blacklist registered
[    1.209372] workingset: timestamp_bits=36 max_order=18 bucket_order=0
[    1.213366] zbud: loaded
[    1.214988] squashfs: version 4.0 (2009/01/31) Phillip Lougher
[    1.216571] fuse init (API version 7.26)
[    1.221722] Key type asymmetric registered
[    1.222953] Asymmetric key parser 'x509' registered
[    1.224344] Block layer SCSI generic (bsg) driver version 0.4 loaded (major 246)
[    1.226273] io scheduler noop registered
[    1.227164] io scheduler deadline registered
[    1.228266] io scheduler cfq registered (default)
[    1.230187] ACPI: AC Adapter [AC] (off-line)
[    1.231211] input: Power Button as /devices/LNXSYSTM:00/LNXPWRBN:00/input/input0
[    1.232987] ACPI: Power Button [PWRF]
[    1.233931] input: Sleep Button as /devices/LNXSYSTM:00/LNXSLPBN:00/input/input1
[    1.235567] ACPI: Sleep Button [SLPF]
[    1.237834] ACPI: Battery Slot [BAT0] (battery present)
[    1.239059] Serial: 8250/16550 driver, 32 ports, IRQ sharing enabled
[    1.261993] 00:02: ttyS0 at I/O 0x3f8 (irq = 4, base_baud = 115200) is a 16550A
[    1.276093] Linux agpgart interface v0.103
[    1.282299] loop: module loaded
[    1.285095] scsi host0: ata_piix
[    1.287171] scsi host1: ata_piix
[    1.288932] ata1: PATA max UDMA/33 cmd 0x1f0 ctl 0x3f6 bmdma 0xd000 irq 14
[    1.291697] ata2: PATA max UDMA/33 cmd 0x170 ctl 0x376 bmdma 0xd008 irq 15
[    1.295134] libphy: Fixed MDIO Bus: probed
[    1.296541] tun: Universal TUN/TAP device driver, 1.6
[    1.297855] PPP generic driver version 2.4.2
[    1.299020] ehci_hcd: USB 2.0 'Enhanced' Host Controller (EHCI) Driver
[    1.300507] ehci-pci: EHCI PCI platform driver
[    1.301553] ehci-platform: EHCI generic platform driver
[    1.302764] ohci_hcd: USB 1.1 'Open' Host Controller (OHCI) Driver
[    1.304764] ohci-pci: OHCI PCI platform driver
[    1.306471] ohci-platform: OHCI generic platform driver
[    1.308052] uhci_hcd: USB Universal Host Controller Interface driver
[    1.309998] i8042: PNP: PS/2 Controller [PNP0303:PS2K,PNP0f03:PS2M] at 0x60,0x64 irq 1,12
[    1.312413] serio: i8042 KBD port at 0x60,0x64 irq 1
[    1.313709] serio: i8042 AUX port at 0x60,0x64 irq 12
[    1.315098] mousedev: PS/2 mouse device common for all mice
[    1.317343] rtc_cmos rtc_cmos: rtc core: registered rtc_cmos as rtc0
[    1.318889] input: AT Translated Set 2 keyboard as /devices/platform/i8042/serio0/input/input2
[    1.321042] rtc_cmos rtc_cmos: alarms up to one day, 114 bytes nvram
[    1.322537] i2c /dev entries driver
[    1.323497] device-mapper: uevent: version 1.0.3
[    1.324792] device-mapper: ioctl: 4.37.0-ioctl (2017-09-20) initialised: dm-devel@redhat.com
[    1.326670] ledtrig-cpu: registered to indicate activity on CPUs
[    1.328637] NET: Registered protocol family 10
[    1.333736] Segment Routing with IPv6
[    1.334599] NET: Registered protocol family 17
[    1.335711] Key type dns_resolver registered
[    1.336925] mce: Using 0 MCE banks
[    1.337775] RAS: Correctable Errors collector initialized.
[    1.339039] sched_clock: Marking stable (1336894770, 0)->(1595588667, -258693897)
[    1.341611] registered taskstats version 1
[    1.342629] Loading compiled-in X.509 certificates
[    1.347951] Loaded X.509 cert 'Build time autogenerated kernel key: 1d4b83cbc5f7a3cd7e4471a5cf69d65d9314bdf5'
[    1.350386] zswap: loaded using pool lzo/zbud
[    1.357718] Key type big_key registered
[    1.358731] Key type trusted registered
[    1.362173] Key type encrypted registered
[    1.363201] AppArmor: AppArmor sha1 policy hashing enabled
[    1.364664] ima: No TPM chip found, activating TPM-bypass! (rc=-19)
[    1.366502] ima: Allocated hash algorithm: sha1
[    1.367783] evm: HMAC attrs: 0x1
[    1.368943]   Magic number: 0:829:728
[    1.369989] rtc_cmos rtc_cmos: setting system clock to 2020-08-29 09:43:43 UTC (1598694223)
[    1.372099] BIOS EDD facility v0.16 2004-Jun-25, 0 devices found
[    1.373448] EDD information not available.
[    1.486481] Freeing unused kernel image memory: 2436K
[    1.496492] Write protecting the kernel read-only data: 20480k
[    1.501172] Freeing unused kernel image memory: 2008K
[    1.504125] Freeing unused kernel image memory: 1872K
[    1.525565] x86/mm: Checked W+X mappings: passed, no W+X pages found.
Loading, please wait...
starting version 237
[    1.652000] Fusion MPT base driver 3.04.20
[    1.654027] Copyright (c) 1999-2008 LSI Corporation
[    1.659342] e1000: Intel(R) PRO/1000 Network Driver - version 7.3.21-k8-NAPI
[    1.662413] e1000: Copyright (c) 1999-2006 Intel Corporation.
[    1.710291] Fusion MPT SPI Host driver 3.04.20
[    1.713332] AVX2 version of gcm_enc/dec engaged.
[    1.715490] AES CTR mode by8 optimization enabled
[    1.914260] input: ImExPS/2 Generic Explorer Mouse as /devices/platform/i8042/serio1/input/input4
[    2.232263] e1000 0000:00:03.0 eth0: (PCI:33MHz:32-bit) 02:8a:e8:1b:bb:fd
[    2.236705] e1000 0000:00:03.0 eth0: Intel(R) PRO/1000 Network Connection
[    2.244233] e1000 0000:00:03.0 enp0s3: renamed from eth0
[    2.244414] mptbase: ioc0: Initiating bringup
[    2.348965] ioc0: LSI53C1030 A0: Capabilities={Initiator}
[    2.594471] scsi host2: ioc0: LSI53C1030 A0, FwRev=00000000h, Ports=1, MaxQ=256, IRQ=20
[    2.764847] scsi 2:0:0:0: Direct-Access     VBOX     HARDDISK         1.0  PQ: 0 ANSI: 5
[    3.230500] scsi target2:0:0: Beginning Domain Validation
[    3.233597] scsi target2:0:0: Domain Validation skipping write tests
[    3.235026] scsi target2:0:0: Ending Domain Validation
[    3.236433] scsi target2:0:0: asynchronous
[    3.237873] scsi 2:0:1:0: Direct-Access     VBOX     HARDDISK         1.0  PQ: 0 ANSI: 5
[    4.229819] scsi target2:0:1: Beginning Domain Validation
[    4.231939] random: fast init done
[    4.233120] scsi target2:0:1: Domain Validation skipping write tests
[    4.234495] scsi target2:0:1: Ending Domain Validation
[    4.235944] scsi target2:0:1: asynchronous
[    4.241273] random: systemd-udevd: uninitialized urandom read (16 bytes read)
[    4.242896] random: systemd-udevd: uninitialized urandom read (16 bytes read)
[    4.242938] sd 2:0:0:0: Attached scsi generic sg0 type 0
[    4.244650] random: systemd-udevd: uninitialized urandom read (16 bytes read)
[    4.247690] sd 2:0:0:0: [sda] 20971520 512-byte logical blocks: (10.7 GB/10.0 GiB)
[    4.249636] sd 2:0:0:0: [sda] Write Protect is off
[    4.250018] sd 2:0:1:0: Attached scsi generic sg1 type 0
[    4.252174] sd 2:0:1:0: [sdb] 20480 512-byte logical blocks: (10.5 MB/10.0 MiB)
[    4.254412] sd 2:0:0:0: [sda] Incomplete mode parameter data
[    4.255654] sd 2:0:0:0: [sda] Assuming drive cache: write through
[    4.256064] sd 2:0:1:0: [sdb] Write Protect is off
[    4.258413] sd 2:0:1:0: [sdb] Incomplete mode parameter data
[    4.259718] sd 2:0:1:0: [sdb] Assuming drive cache: write through
[    4.286986]  sda: sda1
[    4.288373] sd 2:0:1:0: [sdb] Attached SCSI disk
[    4.289841] sd 2:0:0:0: [sda] Attached SCSI disk
Begin: Loading essential drivers ... [    6.164054] raid6: sse2x1   gen()  4684 MB/s
[    6.212452] raid6: sse2x1   xor()  2737 MB/s
[    6.260281] raid6: sse2x2   gen()  5734 MB/s
[    6.308066] raid6: sse2x2   xor()  4024 MB/s
[    6.356165] raid6: sse2x4   gen()  7816 MB/s
[    6.404270] raid6: sse2x4   xor()  3726 MB/s
[    6.452213] raid6: avx2x1   gen()  9348 MB/s
[    6.500074] raid6: avx2x1   xor()  5516 MB/s
[    6.548732] raid6: avx2x2   gen() 11216 MB/s
[    6.596108] raid6: avx2x2   xor()  6992 MB/s
[    6.644271] raid6: avx2x4   gen() 12006 MB/s
[    6.692096] raid6: avx2x4   xor()  7532 MB/s
[    6.693974] raid6: using algorithm avx2x4 gen() 12006 MB/s
[    6.696179] raid6: .... xor() 7532 MB/s, rmw enabled
[    6.698190] raid6: using avx2x2 recovery algorithm
[    6.702961] xor: automatically using best checksumming function   avx       
[    6.708451] async_tx: api initialized (async)
done.
Begin: Running /scripts/init-premount ... done.
Begin: Mounting root file system ... Begin: Running /scripts/local-top ... done.
Begin: Running /scripts/local-premount ... [    6.814629] Btrfs loaded, crc32c=crc32c-intel
Scanning for Btrfs filesystems
done.
Warning: fsck not present, so skipping root file system
[    6.889830] EXT4-fs (sda1): mounted filesystem with ordered data mode. Opts: (null)
done.
Begin: Running /scripts/local-bottom ... done.
Begin: Running /scripts/init-bottom ... done.
[    7.132216] ip_tables: (C) 2000-2006 Netfilter Core Team
[    7.140077] systemd[1]: systemd 237 running in system mode. (+PAM +AUDIT +SELINUX +IMA +APPARMOR +SMACK +SYSVINIT +UTMP +LIBCRYPTSETUP +GCRYPT +GNUTLS +ACL +XZ +LZ4 +SECCOMP +BLKID +ELFUTILS +KMOD -IDN2 +IDN -PCRE2 default-hierarchy=hybrid)
[    7.144766] systemd[1]: Detected virtualization oracle.
[    7.145980] systemd[1]: Detected architecture x86-64.

Welcome to [1mUbuntu 18.04.5 LTS[0m!

[    7.154479] systemd[1]: Set hostname to <ubuntu>.
[    7.158199] systemd[1]: Initializing machine ID from random generator.
[    7.159601] systemd[1]: Installed transient /etc/machine-id file.
[    7.460443] systemd[1]: Reached target User and Group Name Lookups.
[[0;32m  OK  [0m] Reached target User and Group Name Lookups.
[    7.463283] systemd[1]: Set up automount Arbitrary Executable File Formats File System Automount Point.
[[0;32m  OK  [0m] Set up automount Arbitrary Executab…rmats File System Automount Point.
[    7.467030] systemd[1]: Started Forward Password Requests to Wall Directory Watch.
[[0;32m  OK  [0m] Started Forward Password Requests to Wall Directory Watch.
[    7.473387] systemd[1]: Created slice User and Session Slice.
[[0;32m  OK  [0m] Created slice User and Session Slice.
[[0;32m  OK  [0m] Reached target Swap.
[[0;32m  OK  [0m] Reached target System Time Synchronized.
[[0;32m  OK  [0m] Created slice System Slice.
[[0;32m  OK  [0m] Listening on udev Control Socket.
[[0;32m  OK  [0m] Reached target Slices.
[[0;32m  OK  [0m] Listening on Journal Socket.
         Starting Load Kernel Modules...
         Mounting Huge Pages File System...
         Starting Create list of required st…ce nodes for the current kernel...
[[0;32m  OK  [0m] Listening on Journal Audit Socket.
[[0;32m  OK  [0m] Listening on Device-mapper event daemon FIFOs.
[    7.502036] Loading iSCSI transport class v2.0-870.
         Starting Uncomplicated firewall...
         Mounting Kernel Debug File System...
[[0;32m  OK  [0m] Listening on Journal Socket (/dev/log).
         Mounting POSIX Message Queue File System...
[    7.525238] iscsi: registered transport (tcp)
[[0;32m  OK  [0m] Listening on LVM2 poll daemon socket.
         Starting Remount Root and Kernel File Systems...
[[0;32m  OK  [0m] Listening on Network Service Netlink Socket.
[[0;32m  OK  [0m] Created slice system-serial\x2dgetty.slice.
[[0;32m  OK  [0m] Listening on LVM2 metadata daemon socket.
         Starting Monitoring of LVM2 mirrors…ng dmeventd or progress polling...
[[0;32m  OK  [0m] Listening on /dev/initctl Compatibility Named Pipe.
[[0;32m  OK  [0m] Listening on Syslog Socket.
         Starting Journal Service...
[[0;32m  OK  [0m] Listening on udev Kernel Socket.
         Starting udev Coldplug all Devices...
         Starting Set the console keyboard layout...
[[0;32m  OK  [0m] Mounted Huge Pages File System.
[[0;32m  OK  [0m] Started Create list of required sta…vice nodes for the current kernel.
[[0;32m  OK  [0m] Started Uncomplicated firewall.
[[0;32m  OK  [0m] Mounted Kernel Debug File System.
[[0;32m  OK  [0m] Mounted POSIX Message Queue File System.
         Starting Create Static Device Nodes in /dev...
[[0;32m  OK  [0m] Started LVM2 metadata daemon.
[    7.599133] iscsi: registered transport (iser)
[[0;32m  OK  [0m] Started Load Kernel Modules.
[    7.613977] EXT4-fs (sda1): re-mounted. Opts: (null)
[[0;32m  OK  [0m] Started Remount Root and Kernel File Systems.
         Starting Load/Save Random Seed...
         Starting Apply Kernel Variables...
         Mounting Kernel Configuration File System...
         Mounting FUSE Control File System...
[[0;32m  OK  [0m] Started Journal Service.
[[0;32m  OK  [0m] Started Monitoring of LVM2 mirrors,…sing dmeventd or progress polling.
[[0;32m  OK  [0m] Started Create Static Device Nodes in /dev.
[[0;32m  OK  [0m] Mounted Kernel Configuration File System.
[[0;32m  OK  [0m] Mounted FUSE Control File System.
         Starting udev Kernel Device Manager...
         Starting Flush Journal to Persistent Storage...
[[0;32m  OK  [0m] Started Load/Save Random Seed.
[    7.754708] systemd-journald[420]: Received request to flush runtime journal from PID 1
[[0;32m  OK  [0m] Started udev Coldplug all Devices.
[[0;32m  OK  [0m] Started udev Kernel Device Manager.
[[0;32m  OK  [0m] Started Apply Kernel Variables.
[[0;32m  OK  [0m] Started Flush Journal to Persistent Storage.
[[0;32m  OK  [0m] Started Set the console keyboard layout.
[[0;32m  OK  [0m] Started Dispatch Password Requests to Console Directory Watch.
[[0;32m  OK  [0m] Reached target Local Encrypted Volumes.
[[0;32m  OK  [0m] Reached target Local File Systems (Pre).
[[0;32m  OK  [0m] Reached target Local File Systems.
         Starting AppArmor initialization...
         Starting Create Volatile Files and Directories...
         Starting Set console font and keymap...
         Starting Tell Plymouth To Write Out Runtime Data...
         Starting Commit a transient machine-id on disk...
         Starting ebtables ruleset management...
[[0;32m  OK  [0m] Started Set console font and keymap.
[[0;32m  OK  [0m] Started Tell Plymouth To Write Out Runtime Data.
[[0;32m  OK  [0m] Started Create Volatile Files and Directories.
         Starting Update UTMP about System Boot/Shutdown...
[[0;32m  OK  [0m] Started Commit a transient machine-id on disk.
[[0;32m  OK  [0m] Started Update UTMP about System Boot/Shutdown.
[[0;32m  OK  [0m] Started ebtables ruleset management.
[[0;32m  OK  [0m] Found device /dev/ttyS0.
[[0;32m  OK  [0m] Listening on Load/Save RF Kill Switch Status /dev/rfkill Watch.
[[0;32m  OK  [0m] Started AppArmor initialization.
         Starting Load AppArmor profiles managed internally by snapd...
         Starting Initial cloud-init job (pre-networking)...
[[0;32m  OK  [0m] Started Load AppArmor profiles managed internally by snapd.
[   11.734272] cloud-init[569]: Cloud-init v. 20.2-45-g5f7825e2-0ubuntu1~18.04.1 running 'init-local' at Sat, 29 Aug 2020 09:43:53 +0000. Up 11.08 seconds.
[[0;32m  OK  [0m] Started Initial cloud-init job (pre-networking).
[[0;32m  OK  [0m] Reached target Network (Pre).
         Starting Network Service...
[[0;32m  OK  [0m] Started Network Service.
         Starting Network Name Resolution...
         Starting Wait for Network to be Configured...
[[0;32m  OK  [0m] Started Network Name Resolution.
[[0;32m  OK  [0m] Reached target Network.
[[0;32m  OK  [0m] Reached target Host and Network Name Lookups.
[[0;32m  OK  [0m] Started Wait for Network to be Configured.
         Starting Initial cloud-init job (metadata service crawler)...
[   14.010717] cloud-init[686]: Cloud-init v. 20.2-45-g5f7825e2-0ubuntu1~18.04.1 running 'init' at Sat, 29 Aug 2020 09:43:55 +0000. Up 13.73 seconds.
[   14.013737] cloud-init[686]: ci-info: ++++++++++++++++++++++++++++++++++++++Net device info++++++++++++++++++++++++++++++++++++++
[   14.016676] cloud-init[686]: ci-info: +--------+------+----------------------------+---------------+--------+-------------------+
[   14.019794] cloud-init[686]: ci-info: | Device |  Up  |          Address           |      Mask     | Scope  |     Hw-Address    |
[   14.022238] cloud-init[686]: ci-info: +--------+------+----------------------------+---------------+--------+-------------------+
[   14.032321] cloud-init[686]: ci-info: | enp0s3 | True |         10.0.2.15          | 255.255.255.0 | global | 02:8a:e8:1b:bb:fd |
[   14.034253] cloud-init[686]: ci-info: | enp0s3 | True | fe80::8a:e8ff:fe1b:bbfd/64 |       .       |  link  | 02:8a:e8:1b:bb:fd |
[   14.036687] cloud-init[686]: ci-info: |   lo   | True |         127.0.0.1          |   255.0.0.0   |  host  |         .         |
[   14.038892] cloud-init[686]: ci-info: |   lo   | True |          ::1/128           |       .       |  host  |         .         |
[   14.041684] cloud-init[686]: ci-info: +--------+------+----------------------------+---------------+--------+-------------------+
[   14.044213] cloud-init[686]: ci-info: ++++++++++++++++++++++++++++Route IPv4 info+++++++++++++++++++++++++++++
[   14.056766] cloud-init[686]: ci-info: +-------+-------------+----------+-----------------+-----------+-------+
[   14.058352] cloud-init[686]: ci-info: | Route | Destination | Gateway  |     Genmask     | Interface | Flags |
[   14.059894] cloud-init[686]: ci-info: +-------+-------------+----------+-----------------+-----------+-------+
[   14.061378] cloud-init[686]: ci-info: |   0   |   0.0.0.0   | 10.0.2.2 |     0.0.0.0     |   enp0s3  |   UG  |
[   14.072333] cloud-init[686]: ci-info: |   1   |   10.0.2.0  | 0.0.0.0  |  255.255.255.0  |   enp0s3  |   U   |
[   14.073795] cloud-init[686]: ci-info: |   2   |   10.0.2.2  | 0.0.0.0  | 255.255.255.255 |   enp0s3  |   UH  |
[   14.075299] cloud-init[686]: ci-info: +-------+-------------+----------+-----------------+-----------+-------+
[   14.076828] cloud-init[686]: ci-info: +++++++++++++++++++Route IPv6 info+++++++++++++++++++
[   14.088504] cloud-init[686]: ci-info: +-------+-------------+---------+-----------+-------+
[   14.089897] cloud-init[686]: ci-info: | Route | Destination | Gateway | Interface | Flags |
[   14.091525] cloud-init[686]: ci-info: +-------+-------------+---------+-----------+-------+
[   14.093170] cloud-init[686]: ci-info: |   1   |  fe80::/64  |    ::   |   enp0s3  |   U   |
[   14.096422] cloud-init[686]: ci-info: |   3   |    local    |    ::   |   enp0s3  |   U   |
[   14.098442] cloud-init[686]: ci-info: |   4   |   ff00::/8  |    ::   |   enp0s3  |   U   |
[   14.100576] cloud-init[686]: ci-info: +-------+-------------+---------+-----------+-------+
[   14.750965] cloud-init[686]: Generating public/private rsa key pair.
[   14.752236] cloud-init[686]: Your identification has been saved in /etc/ssh/ssh_host_rsa_key.
[   14.753928] cloud-init[686]: Your public key has been saved in /etc/ssh/ssh_host_rsa_key.pub.
[   14.755525] cloud-init[686]: The key fingerprint is:
[   14.756604] cloud-init[686]: SHA256:pCKINklcCeG6aDfeSfBXWdFT++cVVh8DJLG2FEmWDEY root@ubuntu-bionic
[   14.758128] cloud-init[686]: The key's randomart image is:
[   14.759201] cloud-init[686]: +---[RSA 2048]----+
[   14.760225] cloud-init[686]: | oo..   .E+B*oo+.|
[   14.761251] cloud-init[686]: |o ..    . .+=o  *|
[   14.762321] cloud-init[686]: | +      .  =  .+.|
[   14.763365] cloud-init[686]: |+..    o  = . . o|
[   14.764389] cloud-init[686]: |++... . So .    +|
[   14.765443] cloud-init[686]: |o...o.  .      .o|
[   14.766427] cloud-init[686]: |o. o o .        .|
[   14.767403] cloud-init[686]: |. o + o          |
[   14.768504] cloud-init[686]: |   . o           |
[   14.769581] cloud-init[686]: +----[SHA256]-----+
[   14.770562] cloud-init[686]: Generating public/private dsa key pair.
[   14.771962] cloud-init[686]: Your identification has been saved in /etc/ssh/ssh_host_dsa_key.
[   14.774007] cloud-init[686]: Your public key has been saved in /etc/ssh/ssh_host_dsa_key.pub.
[   14.775383] cloud-init[686]: The key fingerprint is:
[   14.776273] cloud-init[686]: SHA256:x2KZyG0sK+r0sOkd+I7UI2muWGZEqmOXT37/CwXtZIs root@ubuntu-bionic
[   14.777829] cloud-init[686]: The key's randomart image is:
[   14.779524] cloud-init[686]: +---[DSA 1024]----+
[   14.781014] cloud-init[686]: |                 |
[   14.782303] cloud-init[686]: |          .      |
[   14.783402] cloud-init[686]: |  .      . +     |
[   14.784533] cloud-init[686]: | o   . + +* .    |
[   14.785930] cloud-init[686]: |. .   + SEo+     |
[   14.787260] cloud-init[686]: |.. +.  = o.      |
[   14.788636] cloud-init[686]: |o.%o=..  .       |
[   14.790009] cloud-init[686]: |oX.@++ .  .      |
[   14.791528] cloud-init[686]: |o+O.=o. ...o.    |
[   14.793009] cloud-init[686]: +----[SHA256]-----+
[   14.794441] cloud-init[686]: Generating public/private ecdsa key pair.
[   14.804742] cloud-init[686]: Your identification has been saved in /etc/ssh/ssh_host_ecdsa_key.
[   14.806893] cloud-init[686]: Your public key has been saved in /etc/ssh/ssh_host_ecdsa_key.pub.
[   14.809116] cloud-init[686]: The key fingerprint is:
[   14.810499] cloud-init[686]: SHA256:kQyW6oWPtLres79zEMWycafKd5VVbqaMrjEeqDoI2Xs root@ubuntu-bionic
[   14.812881] cloud-init[686]: The key's randomart image is:
[   14.814466] cloud-init[686]: +---[ECDSA 256]---+
[   14.815858] cloud-init[686]: |      oo       ..|
[   14.817399] cloud-init[686]: |     .+o+..   .. |
[   14.818676] cloud-init[686]: |     o *+o   o  +|
[   14.820320] cloud-init[[0;32m  OK  [0m] Started Initial cloud-init job (metadata service crawler).
[[0;32m  OK  [0m] Reached target System Initialization.
[[0;32m  OK  [0m] Listening on Open-iSCSI iscsid Socket.
         Starting Socket activation for snappy daemon.
[[0;32m  OK  [0m] Started Daily Cleanup of Temporary Directories.
[[0;32m  OK  [0m] Started Daily apt download activities.
[[0;32m  OK  [0m] Started Daily apt upgrade and clean activities.
[686]:          Starting LXD - unix socket.
[[0;32m  OK  [0m] Started ACPI Events Check.
[[0;32m  OK  [0m] Reached target Paths.
[[0;32m  OK  [0m] Started Message of the Day.
[[0;32m  OK  [0m] Started Discard unused blocks once a week.
[[0;32m  OK  [0m] Reached target Timers.
[[0;32m  OK  [0m] Listening on UUID daemon activation socket.
[[0;32m  OK  [0m] Listening on D-Bus System Message Bus Socket.
[[0;32m  OK  [0m] Listening on ACPID Listen Socket.
[[0;32m  OK  [0m] Reached target Network is Online.
|    + + ..  oo + |
[   14.833143] cloud-init[686]: | o o * oS  .. o  |
         [   14.836673] cloud-init[686]: |o . + = ....     |
[   14.836766] cloud-init[686]: | . +   o..+ .    |
[   14.837380] cloud-init[686]: |  +.E .... =     |
[   14.837978] cloud-init[686]: | .oo+*++  o      |
[   14.838514] Starting Availability of block devices...
[[0;32m  OK  [0m] Reached target Remote File Systems (Pre).
[[0;32m  OK  [0m] Reached target Remote File Systems.
[[0;32m  OK  [0m] Reached target Cloud-config availability.
[[0;32m  OK  [0m] Listening on Socket activation for snappy daemon.
[[0;32m  OK  [0m] Listening on LXD - unix socket.
[[0;32m  OK  [0m] Reached target Sockets.
[[0;32m  OK  [0m] Reached target Basic System.
[[0;32m  OK  [0m] Started Deferred execution scheduler.
cloud-init[686]: +----[SHA256]-----+
[   14.849298] cloud-init[686]: Generating public/private ed25519 key pair.
[[0;32m  OK  [0m] Started Regular background program processing daemon.
[   14.852664] cloud-init[686]: Your identification has been saved in /etc/ssh/ssh_host_ed25519_key.[[0;32m  OK  [0m] Started D-Bus System Message Bus.

[   14.855331] cloud-init[686]: Your public key has been saved in /etc/ssh/ssh_host_ed25519_key.pub.
[   14.858743] cloud-init[686]: The key fingerprint is:
[   14.862726] cloud-init[686]: SHA256:Jv0g5jUTDe9OI322pFO3AFaRbkoXlweohFt7klmsmGY root@ubuntu-bionic
[   14.865615] cloud-init[686]: The key's randomart image is:
[   14.866965] cloud-init[686]: +--[ED25519 256]--+
[   14.868608] cloud-init[686]: |        .. .o+.o |
[   14.880858] cloud-init[686]: |        .+o.* o .|
[   14.882152] cloud-init[686]: |        .*=O o . |
[   14.883027] cloud-init[686]: |       .E=O.=    |
[   14.883921] cloud-init[686]: |      +oS.=** .  |
[   14.885415] cloud-init[686]: |     o = O.B + . |
[   14.886760] cloud-init[686]: |      .   = . .  |
[   14.887733] cloud-init[686]: |           .     |
[   14.889039] cloud-init[686]: |                 |
[   14.889925] cloud-init[686]: +----[SHA256]-----+
         Starting Login Service...
         Starting System Logging Service...
         Starting LSB: automatic crash report generation...
         Starting Accounts Service...
         Starting Permit User Sessions...
[[0;32m  OK  [0m] Started irqbalance daemon.
         Starting LXD - container startup/shutdown...
         Starting Dispatcher daemon for systemd-networkd...
         Starting Pollinate to seed the pseudo random number generator...
[[0;32m  OK  [0m] Started FUSE filesystem for LXC.
         Starting Virtualbox guest utils...
         Starting LSB: Record successful boot for GRUB...
         Starting Snap Daemon...
[[0;32m  OK  [0m] Started System Logging Service.
[[0;32m  OK  [0m] Started Availability of block devices.
[[0;32m  OK  [0m] Started Permit User Sessions.
[[0;32m  OK  [0m] Started Login Service.
         Starting Authorization Manager...
[[0;32m  OK  [0m] Started Unattended Upgrades Shutdown.
         Starting Terminate Plymouth Boot Screen...
         Starting Hold until boot process finishes up...
[[0;32m  OK  [0m] Started Hold until boot process finishes up.
[[0;32m  OK  [0m] Started Terminate Plymouth Boot Screen.
         Starting Set console scheme...
[[0;32m  OK  [0m] Started Serial Getty on ttyS0.
[[0;32m  OK  [0m] Started LXD - container startup/shutdown.
[[0;32m  OK  [0m] Started Authorization Manager.
[[0;32m  OK  [0m] Started Accounts Service.
[[0;32m  OK  [0m] Started LSB: Record successful boot for GRUB.
[[0;32m  OK  [0m] Started LSB: automatic crash report generation.
[[0;32m  OK  [0m] Started Set console scheme.
[[0;32m  OK  [0m] Created slice system-getty.slice.
[[0;32m  OK  [0m] Started Getty on tty1.
[[0;32m  OK  [0m] Reached target Login Prompts.
[[0;32m  OK  [0m] Started Virtualbox guest utils.
[[0;32m  OK  [0m] Started Dispatcher daemon for systemd-networkd.
[[0;32m  OK  [0m] Started Snap Daemon.
         Starting Wait until snapd is fully seeded...
[[0;32m  OK  [0m] Started Wait until snapd is fully seeded.
         Starting Apply the settings specified in cloud-config...
[[0;32m  OK  [0m] Started Pollinate to seed the pseudo random number generator.
         Starting OpenBSD Secure Shell server...
[[0;32m  OK  [0m] Started OpenBSD Secure Shell server.
[[0;32m  OK  [0m] Reached target Multi-User System.
[[0;32m  OK  [0m] Reached target Graphical Interface.
         Starting Update UTMP about System Runlevel Changes...
[[0;32m  OK  [0m] Started Update UTMP about System Runlevel Changes.
[[0;32m  OK  [0m] Created slice User Slice of vagrant.
         Starting User Manager for UID 1000...
[[0;32m  OK  [0m] Started Session 1 of user vagrant.
[[0;32m  OK  [0m] Started User Manager for UID 1000.
[   18.788574] cloud-init[1083]: Cloud-init v. 20.2-45-g5f7825e2-0ubuntu1~18.04.1 running 'modules:config' at Sat, 29 Aug 2020 09:43:59 +0000. Up 17.44 seconds.
[[0;32m  OK  [0m] Started Apply the settings specified in cloud-config.
         Starting Execute cloud user/final scripts...
ci-info: no authorized SSH keys fingerprints found for user ubuntu.
<14>Aug 29 09:44:02 ec2: 
<14>Aug 29 09:44:02 ec2: #############################################################
<14>Aug 29 09:44:02 ec2: -----BEGIN SSH HOST KEY FINGERPRINTS-----
<14>Aug 29 09:44:02 ec2: 1024 SHA256:x2KZyG0sK+r0sOkd+I7UI2muWGZEqmOXT37/CwXtZIs root@ubuntu-bionic (DSA)
<14>Aug 29 09:44:02 ec2: 256 SHA256:kQyW6oWPtLres79zEMWycafKd5VVbqaMrjEeqDoI2Xs root@ubuntu-bionic (ECDSA)
<14>Aug 29 09:44:02 ec2: 256 SHA256:Jv0g5jUTDe9OI322pFO3AFaRbkoXlweohFt7klmsmGY root@ubuntu-bionic (ED25519)
<14>Aug 29 09:44:02 ec2: 2048 SHA256:pCKINklcCeG6aDfeSfBXWdFT++cVVh8DJLG2FEmWDEY root@ubuntu-bionic (RSA)
<14>Aug 29 09:44:02 ec2: -----END SSH HOST KEY FINGERPRINTS-----
<14>Aug 29 09:44:02 ec2: #############################################################
-----BEGIN SSH HOST KEY KEYS-----
ecdsa-sha2-nistp256 AAAAE2VjZHNhLXNoYTItbmlzdHAyNTYAAAAIbmlzdHAyNTYAAABBBD71DspnlK0rB8QXp2fraFgzMFC6YkiAkqdPQgM4KsY1cpCPq8HG6JL/FQTvNESJzPyJpVdzScBiqjK5/+D8CMY= root@ubuntu-bionic
ssh-ed25519 AAAAC3NzaC1lZDI1NTE5AAAAIFrm3Mt6d48zB7IzXsU0PJOhLJ6nFOdbGS2+9CrPR693 root@ubuntu-bionic
ssh-rsa AAAAB3NzaC1yc2EAAAADAQABAAABAQCiCDobdrJCG0QzFpJV7DrLTU8lxsQfzr32qZVDzRJfu9b+bSKAXVe2WBj9iBdC19fUd3bjnPsWlwIf6zUTsLIoAGjkPT8vz4GFwl82Uv5qoBPx021cFhBAsY0h9cxSLXwiJ13Bi1TLc3ww8iqJSxpLE3qVi35UKJQaEO8tOKs8m0c8mIyedt29XR1Jaz3Ax1BbvCoDo3R37ZptMVJKfh1w/1ny4KJmCAkra9HMD1fW9MiWv3XCWBLXLh7XoIPzVZRvkg/6vsSGTmKSWeXtOXDgKub+3pOtABYxSxB/oRiC2o499TXTO2cpk0wo+ZP4SEqfRkh8kKBVpa38+0q9I6U3 root@ubuntu-bionic
-----END SSH HOST KEY KEYS-----
[   20.130971] cloud-init[1214]: Cloud-init v. 20.2-45-g5f7825e2-0ubuntu1~18.04.1 running 'modules:final' at Sat, 29 Aug 2020 09:44:01 +0000. Up 19.75 seconds.
[   20.135411] cloud-init[1214]: ci-info: no authorized SSH keys fingerprints found for user ubuntu.
[   20.148879] cloud-init[1214]: Cloud-init v. 20.2-45-g5f7825e2-0ubuntu1~18.04.1 finished at Sat, 29 Aug 2020 09:44:02 +0000. Datasource DataSourceNoCloud [seed=/dev/sdb][dsmode=net].  Up 20.10 seconds
[[0;32m  OK  [0m] Started Execute cloud user/final scripts.
[[0;32m  OK  [0m] Reached target Cloud-init target.

Ubuntu 18.04.5 LTS ubuntu-bionic ttyS0

ubuntu-bionic login: 